<?xml version="1.0" encoding="UTF-8"?>
<!-- Generated by org.testng.reporters.JUnitXMLReporter -->
<testsuite ignored="11" hostname="HCLLMDU0249" failures="0" tests="12" name="Test" time="112.409" errors="0" timestamp="2024-12-13T13:42:45 IST">
  <testcase classname="Test.TC_001_SignUp_TestCase" name="SignUpTestCase" time="5.058"/>
  <testcase classname="Test.TC_002_LoginCheck_TestCase" name="LoginCheckTestCase" time="0.368"/>
  <testcase classname="Test.TC_003_VerifyingWeatherSwitchingtoContact_TestCase" name="logintocontactscreenTestCase" time="1.316"/>
  <testcase classname="Test.TC_004_InvalidEmailPassword" name="invalidlogintest" time="0.778"/>
  <testcase classname="Test.TC_005_SignUpContactListAdd_TestCase" name="Signuptestcase" time="3.055"/>
  <testcase classname="Test.TC_006_EditTheContact_TestCase" name="editcontactTestcase" time="8.369"/>
  <testcase classname="Test.TC_007_OnlyMandatoryFields_TestCase" name="onlymandatoryfieldsTestCase" time="2.659"/>
  <testcase classname="Test.TC_008_DuplicateDetails_TestCase" name="duplicatedetailsTestCase" time="3.873"/>
  <testcase classname="Test.TC_009_InvalidDateFormat_TestCase" name="invaliddateformat" time="3.157"/>
  <testcase classname="Test.TC_010_CheckingAfterSuccessfulladdcontact_TestCase" name="checkthecontactadded" time="4.843"/>
  <testcase classname="Test.TC_011_DeletingAContact_TestCase" name="deletecontactTestCase" time="2.509"/>
  <testcase classname="Test.TC_012_LogOut_TestCase" name="logout" time="2.914"/>
  <testcase classname="Base.ProjSpecificationContactList" name="@BeforeTest readfilefrom" time="0.0">
    <ignored/>
  </testcase> <!-- @BeforeTest readfilefrom -->
  <testcase classname="Base.ProjSpecificationContactList" name="@BeforeTest readfilefrom" time="0.0">
    <ignored/>
  </testcase> <!-- @BeforeTest readfilefrom -->
  <testcase classname="Base.ProjSpecificationContactList" name="@BeforeTest readfilefrom" time="0.0">
    <ignored/>
  </testcase> <!-- @BeforeTest readfilefrom -->
  <testcase classname="Base.ProjSpecificationContactList" name="@BeforeTest readfilefrom" time="0.0">
    <ignored/>
  </testcase> <!-- @BeforeTest readfilefrom -->
  <testcase classname="Base.ProjSpecificationContactList" name="@BeforeTest readfilefrom" time="0.0">
    <ignored/>
  </testcase> <!-- @BeforeTest readfilefrom -->
  <testcase classname="Base.ProjSpecificationContactList" name="@BeforeTest readfilefrom" time="0.0">
    <ignored/>
  </testcase> <!-- @BeforeTest readfilefrom -->
  <testcase classname="Base.ProjSpecificationContactList" name="@BeforeTest readfilefrom" time="0.0">
    <ignored/>
  </testcase> <!-- @BeforeTest readfilefrom -->
  <testcase classname="Base.ProjSpecificationContactList" name="@BeforeTest readfilefrom" time="0.0">
    <ignored/>
  </testcase> <!-- @BeforeTest readfilefrom -->
  <testcase classname="Base.ProjSpecificationContactList" name="@BeforeTest readfilefrom" time="0.0">
    <ignored/>
  </testcase> <!-- @BeforeTest readfilefrom -->
  <testcase classname="Base.ProjSpecificationContactList" name="@BeforeTest readfilefrom" time="0.0">
    <ignored/>
  </testcase> <!-- @BeforeTest readfilefrom -->
  <testcase classname="Base.ProjSpecificationContactList" name="@BeforeTest readfilefrom" time="0.0">
    <ignored/>
  </testcase> <!-- @BeforeTest readfilefrom -->
</testsuite> <!-- Test -->
